P16 assembler v1.5 (Feb  9 2024)	lab01_opt.lst	Sat Mar 21 12:16:10 2026

Sections
Index   Name            Address   Size
0       .text           0000      0024 36

Symbols
Name                    Type      Value       Section
line#28                 LABEL     0018 24     .text
while                   LABEL     0002 2      .text
while_end               LABEL     0018 24     .text
while_loop              LABEL     001A 26     .text

Code listing
   1           	; -----------------------------------------------------------------------------
   2           	; Ficheiro:  lab01.s
   3           	; Descricao: Codigo de suporte a realizacao da 1a atividade laboratorial de AC.
   4           	; Autor:     Tiago M Dias (tiago.dias@isel.pt)
   5           	; Data:      11-03-2022
   6           	; -----------------------------------------------------------------------------
   7           	
   8           		; r0 guarda o valor da variavel M
   9           		; r1 guarda o valor da variavel m
  10           		; r2 guarda o valor da variavel p
  11           		; r3 e utilizado para guardar valores temporariamente
  12           	
  13 0000 02 60		mov	r2, #0
  14           	while:
  15 0002 03 60		mov	r3, #0
  16 0004 30 B8	    cmp r3, r0
  17 0006 08 40	    beq while_end
  18 0008 B0 B8	    cmp r3, r1
  19 000A 06 48	    bhs while_end
  20 000C 06 58	    b   while_loop
  21           	
  22 000E B0 B8		cmp	r3, r1
  23 0010 03 48		bhs	while_end
  24 0012 22 80		add	r2, r2, r0
  25 0014 91 A8		sub	r1, r1, #1
  26 0016 F5 5B		b	while
  27           	while_end:
  28 0018 FF 5B		b	.
  29           	while_loop:
  30 001A 22 80	    add r2, r2, r0
  31 001C 91 A8	    sub r1, r1, #1
  32 001E B0 B8	    cmp r3, r1
  33 0020 FB 4B	    bhs while_end
  34 0022 FB 5B	    b   while_loop
  34           	
